<?xml version="1.0" encoding="UTF-8"?>
<!-- Generated by org.testng.reporters.JUnitReportReporter -->
<testsuite skipped="0" hostname="LAPTOP-HK2SEN1O" name="EProject.validateTitle" tests="2" failures="0" timestamp="2020-06-30T17:56:52 IST" time="0.065" errors="0">
  <testcase name="validateHeader" time="0.035" classname="EProject.validateTitle"/>
  <system-out/>
  <testcase name="basePageNavigation1" time="0.030" classname="EProject.validateTitle"/>
  <system-out/>
</testsuite> <!-- EProject.validateTitle -->
